<?xml version="1.0" encoding="UTF-8"?>
<!-- Generated by org.testng.reporters.JUnitXMLReporter -->
<testsuite ignored="1" hostname="DESKTOP-EGKVD5A" failures="0" tests="1" name="Default test" time="27.927" errors="0" timestamp="05 Apr 2019 17:47:41 GMT">
  <testcase classname="SeleniumPrograms.Calender" name="verifywindowhandless" time="27.888"/>
  <testcase classname="SeleniumPrograms.Calender" name="verifyDate" time="0.0">
    <ignored/>
  </testcase> <!-- verifyDate -->
</testsuite> <!-- Default test -->
