<?xml version="1.0" encoding="UTF-8"?>
<testng-results ignored="1" total="2" passed="1" failed="0" skipped="0">
  <reporter-output>
  </reporter-output>
  <suite started-at="2019-04-05T17:47:10Z" name="Default suite" finished-at="2019-04-05T17:47:38Z" duration-ms="27927">
    <groups>
    </groups>
    <test started-at="2019-04-05T17:47:10Z" name="Default test" finished-at="2019-04-05T17:47:38Z" duration-ms="27927">
      <class name="SeleniumPrograms.Calender">
        <test-method signature="verifywindowhandless()[pri:0, instance:SeleniumPrograms.Calender@27462a88]" started-at="2019-04-05T17:47:10Z" name="verifywindowhandless" finished-at="2019-04-05T17:47:38Z" duration-ms="27888" status="PASS">
          <reporter-output>
          </reporter-output>
        </test-method> <!-- verifywindowhandless -->
      </class> <!-- SeleniumPrograms.Calender -->
    </test> <!-- Default test -->
  </suite> <!-- Default suite -->
</testng-results>
